<?xml version="1.0"?>
<testconfig>
   <servercertificate>/Users/anttijuustila/workspace/O3/O3-chat-client/localhost.cer</servercertificate>
   <serverversion>5</serverversion>
   <user id="01">
      <username>kivi</username>
      <password>aleksis-stoned</password>
   </user>
   <user id="02">
      <username>waltari</username>
      <password>sinuhe-in-egypt</password>
   </user>
</testconfig>
