<?xml version="1.0"?>
<testconfig>
   <servercertificate>/Users/anttijuustila/workspace/O3/O3-chat-client/localhost.cer</servercertificate>
   <serverversion>5</serverversion>
   <user id="01">
      <username>anttij</username>
      <password>juustila21</password>
   </user>
   <user id="02">
      <username>markus</username>
      <password>kelanti21</password>
   </user>
</testconfig>
